# JRE version: OpenJDK Runtime Environment (11.0.10) (build 11.0.10+0-b96-7249189)
# Java VM: OpenJDK 64-Bit Server VM (11.0.10+0-b96-7249189, mixed mode, tiered, compressed oops, g1 gc, windows-amd64)
Heap:
 garbage-first heap   total 296960K, used 169898K [0x0000000080000000, 0x0000000100000000)
  region size 1024K, 78 young (79872K), 6 survivors (6144K)
 Metaspace       used 116906K, capacity 120516K, committed 120984K, reserved 1155072K
  class space    used 14723K, capacity 16086K, committed 16280K, reserved 1048576K
GC Heap History (20 events):
Event: 1089.304 GC heap before
{Heap before GC invocations=84 (full 0):
 garbage-first heap   total 296960K, used 218060K [0x0000000080000000, 0x0000000100000000)
  region size 1024K, 100 young (102400K), 2 survivors (2048K)
 Metaspace       used 115052K, capacity 118396K, committed 118552K, reserved 1153024K
  class space    used 14542K, capacity 15822K, committed 15896K, reserved 1048576K
}
Event: 1089.405 GC heap after
{Heap after GC invocations=85 (full 0):
 garbage-first heap   total 296960K, used 139264K [0x0000000080000000, 0x0000000100000000)
  region size 1024K, 13 young (13312K), 13 survivors (13312K)
 Metaspace       used 115052K, capacity 118396K, committed 118552K, reserved 1153024K
  class space    used 14542K, capacity 15822K, committed 15896K, reserved 1048576K
}
Event: 1089.413 GC heap before
{Heap before GC invocations=85 (full 0):
 garbage-first heap   total 296960K, used 140288K [0x0000000080000000, 0x0000000100000000)
  region size 1024K, 14 young (14336K), 13 survivors (13312K)
 Metaspace       used 115052K, capacity 118396K, committed 118552K, reserved 1153024K
  class space    used 14542K, capacity 15822K, committed 15896K, reserved 1048576K
}
Event: 1089.462 GC heap after
{Heap after GC invocations=86 (full 0):
 garbage-first heap   total 296960K, used 135168K [0x0000000080000000, 0x0000000100000000)
  region size 1024K, 1 young (1024K), 1 survivors (1024K)
 Metaspace       used 115052K, capacity 118396K, committed 118552K, reserved 1153024K
  class space    used 14542K, capacity 15822K, committed 15896K, reserved 1048576K
}
Event: 1090.186 GC heap before
{Heap before GC invocations=86 (full 0):
 garbage-first heap   total 296960K, used 188416K [0x0000000080000000, 0x0000000100000000)
  region size 1024K, 54 young (55296K), 1 survivors (1024K)
 Metaspace       used 115055K, capacity 118397K, committed 118552K, reserved 1153024K
  class space    used 14542K, capacity 15822K, committed 15896K, reserved 1048576K
}
Event: 1090.236 GC heap after
{Heap after GC invocations=87 (full 0):
 garbage-first heap   total 296960K, used 156672K [0x0000000080000000, 0x0000000100000000)
  region size 1024K, 10 young (10240K), 10 survivors (10240K)
 Metaspace       used 115055K, capacity 118397K, committed 118552K, reserved 1153024K
  class space    used 14542K, capacity 15822K, committed 15896K, reserved 1048576K
}
Event: 1090.846 GC heap before
{Heap before GC invocations=87 (full 0):
 garbage-first heap   total 296960K, used 215040K [0x0000000080000000, 0x0000000100000000)
  region size 1024K, 69 young (70656K), 10 survivors (10240K)
 Metaspace       used 115056K, capacity 118397K, committed 118552K, reserved 1153024K
  class space    used 14542K, capacity 15822K, committed 15896K, reserved 1048576K
}
Event: 1090.893 GC heap after
{Heap after GC invocations=88 (full 0):
 garbage-first heap   total 296960K, used 165504K [0x0000000080000000, 0x0000000100000000)
  region size 1024K, 9 young (9216K), 9 survivors (9216K)
 Metaspace       used 115056K, capacity 118397K, committed 118552K, reserved 1153024K
  class space    used 14542K, capacity 15822K, committed 15896K, reserved 1048576K
}
Event: 1134.132 GC heap before
{Heap before GC invocations=89 (full 0):
 garbage-first heap   total 296960K, used 266880K [0x0000000080000000, 0x0000000100000000)
  region size 1024K, 66 young (67584K), 9 survivors (9216K)
 Metaspace       used 115358K, capacity 118633K, committed 118808K, reserved 1153024K
  class space    used 14567K, capacity 15832K, committed 15896K, reserved 1048576K
}
Event: 1134.149 GC heap after
{Heap after GC invocations=90 (full 0):
 garbage-first heap   total 296960K, used 160177K [0x0000000080000000, 0x0000000100000000)
  region size 1024K, 2 young (2048K), 2 survivors (2048K)
 Metaspace       used 115358K, capacity 118633K, committed 118808K, reserved 1153024K
  class space    used 14567K, capacity 15832K, committed 15896K, reserved 1048576K
}
Event: 1134.490 GC heap before
{Heap before GC invocations=90 (full 0):
 garbage-first heap   total 296960K, used 172465K [0x0000000080000000, 0x0000000100000000)
  region size 1024K, 14 young (14336K), 2 survivors (2048K)
 Metaspace       used 115359K, capacity 118633K, committed 118808K, reserved 1153024K
  class space    used 14567K, capacity 15832K, committed 15896K, reserved 1048576K
}
Event: 1134.499 GC heap after
{Heap after GC invocations=91 (full 0):
 garbage-first heap   total 296960K, used 155621K [0x0000000080000000, 0x0000000100000000)
  region size 1024K, 1 young (1024K), 1 survivors (1024K)
 Metaspace       used 115359K, capacity 118633K, committed 118808K, reserved 1153024K
  class space    used 14567K, capacity 15832K, committed 15896K, reserved 1048576K
}
Event: 1138.635 GC heap before
{Heap before GC invocations=91 (full 0):
 garbage-first heap   total 296960K, used 225253K [0x0000000080000000, 0x0000000100000000)
  region size 1024K, 70 young (71680K), 1 survivors (1024K)
 Metaspace       used 116161K, capacity 119751K, committed 119832K, reserved 1153024K
  class space    used 14700K, capacity 16076K, committed 16152K, reserved 1048576K
}
Event: 1138.665 GC heap after
{Heap after GC invocations=92 (full 0):
 garbage-first heap   total 296960K, used 163289K [0x0000000080000000, 0x0000000100000000)
  region size 1024K, 9 young (9216K), 9 survivors (9216K)
 Metaspace       used 116161K, capacity 119751K, committed 119832K, reserved 1153024K
  class space    used 14700K, capacity 16076K, committed 16152K, reserved 1048576K
}
Event: 1204.285 GC heap before
{Heap before GC invocations=93 (full 0):
 garbage-first heap   total 296960K, used 189913K [0x0000000080000000, 0x0000000100000000)
  region size 1024K, 75 young (76800K), 9 survivors (9216K)
 Metaspace       used 116428K, capacity 120097K, committed 120344K, reserved 1153024K
  class space    used 14737K, capacity 16143K, committed 16152K, reserved 1048576K
}
Event: 1204.303 GC heap after
{Heap after GC invocations=94 (full 0):
 garbage-first heap   total 296960K, used 107852K [0x0000000080000000, 0x0000000100000000)
  region size 1024K, 6 young (6144K), 6 survivors (6144K)
 Metaspace       used 116428K, capacity 120097K, committed 120344K, reserved 1153024K
  class space    used 14737K, capacity 16143K, committed 16152K, reserved 1048576K
}
Event: 1204.458 GC heap before
{Heap before GC invocations=94 (full 0):
 garbage-first heap   total 296960K, used 115020K [0x0000000080000000, 0x0000000100000000)
  region size 1024K, 14 young (14336K), 6 survivors (6144K)
 Metaspace       used 116431K, capacity 120098K, committed 120344K, reserved 1153024K
  class space    used 14737K, capacity 16143K, committed 16152K, reserved 1048576K
}
Event: 1204.466 GC heap after
{Heap after GC invocations=95 (full 0):
 garbage-first heap   total 296960K, used 91537K [0x0000000080000000, 0x0000000100000000)
  region size 1024K, 1 young (1024K), 1 survivors (1024K)
 Metaspace       used 116431K, capacity 120098K, committed 120344K, reserved 1153024K
  class space    used 14737K, capacity 16143K, committed 16152K, reserved 1048576K
}
Event: 2161.429 GC heap before
{Heap before GC invocations=95 (full 0):
 garbage-first heap   total 296960K, used 148881K [0x0000000080000000, 0x0000000100000000)
  region size 1024K, 59 young (60416K), 1 survivors (1024K)
 Metaspace       used 116611K, capacity 120358K, committed 120600K, reserved 1153024K
  class space    used 14737K, capacity 16143K, committed 16152K, reserved 1048576K
}
Event: 2161.457 GC heap after
{Heap after GC invocations=96 (full 0):
 garbage-first heap   total 296960K, used 96170K [0x0000000080000000, 0x0000000100000000)
  region size 1024K, 6 young (6144K), 6 survivors (6144K)
 Metaspace       used 116611K, capacity 120358K, committed 120600K, reserved 1153024K
  class space    used 14737K, capacity 16143K, committed 16152K, reserved 1048576K
}

